{
  "/home/admin/projects/portfolio/src/App.jsx": {
    "path": "/home/admin/projects/portfolio/src/App.jsx",
    "all": false,
    "statementMap": {
      "1": {
        "start": { "line": 2, "column": 0 },
        "end": { "line": 2, "column": 16 }
      },
      "4": {
        "start": { "line": 5, "column": 0 },
        "end": { "line": 5, "column": 10 }
      },
      "5": {
        "start": { "line": 6, "column": 0 },
        "end": { "line": 6, "column": 6 }
      },
      "6": {
        "start": { "line": 7, "column": 0 },
        "end": { "line": 7, "column": 64 }
      },
      "12": {
        "start": { "line": 13, "column": 0 },
        "end": { "line": 13, "column": 7 }
      },
      "14": {
        "start": { "line": 15, "column": 0 },
        "end": { "line": 15, "column": 1 }
      },
      "16": {
        "start": { "line": 17, "column": 0 },
        "end": { "line": 17, "column": 18 }
      }
    },
    "s": { "1": 1, "4": 1, "5": 1, "6": 1, "12": 1, "14": 1, "16": 1 },
    "branchMap": {
      "0": {
        "type": "branch",
        "line": 2,
        "loc": {
          "start": { "line": 2, "column": 0 },
          "end": { "line": 15, "column": 1 }
        },
        "locations": [
          {
            "start": { "line": 2, "column": 0 },
            "end": { "line": 15, "column": 1 }
          }
        ]
      }
    },
    "b": { "0": [1] },
    "fnMap": {
      "0": {
        "name": "App",
        "decl": {
          "start": { "line": 2, "column": 0 },
          "end": { "line": 15, "column": 1 }
        },
        "loc": {
          "start": { "line": 2, "column": 0 },
          "end": { "line": 15, "column": 1 }
        },
        "line": 2
      }
    },
    "f": { "0": 1 }
  },
  "/home/admin/projects/portfolio/src/main.jsx": {
    "path": "/home/admin/projects/portfolio/src/main.jsx",
    "all": true,
    "statementMap": {
      "0": {
        "start": { "line": 1, "column": 0 },
        "end": { "line": 1, "column": 34 }
      },
      "1": {
        "start": { "line": 2, "column": 0 },
        "end": { "line": 2, "column": 45 }
      },
      "2": {
        "start": { "line": 3, "column": 0 },
        "end": { "line": 3, "column": 20 }
      },
      "3": {
        "start": { "line": 4, "column": 0 },
        "end": { "line": 4, "column": 27 }
      },
      "5": {
        "start": { "line": 6, "column": 0 },
        "end": { "line": 6, "column": 51 }
      },
      "6": {
        "start": { "line": 7, "column": 0 },
        "end": { "line": 7, "column": 14 }
      },
      "7": {
        "start": { "line": 8, "column": 0 },
        "end": { "line": 8, "column": 11 }
      },
      "8": {
        "start": { "line": 9, "column": 0 },
        "end": { "line": 9, "column": 16 }
      },
      "9": {
        "start": { "line": 10, "column": 0 },
        "end": { "line": 10, "column": 1 }
      }
    },
    "s": {
      "0": 0,
      "1": 0,
      "2": 0,
      "3": 0,
      "5": 0,
      "6": 0,
      "7": 0,
      "8": 0,
      "9": 0
    },
    "branchMap": {
      "0": {
        "type": "branch",
        "line": 1,
        "loc": {
          "start": { "line": 1, "column": 202 },
          "end": { "line": 10, "column": -147 }
        },
        "locations": [
          {
            "start": { "line": 1, "column": 202 },
            "end": { "line": 10, "column": -147 }
          }
        ]
      }
    },
    "b": { "0": [0] },
    "fnMap": {
      "0": {
        "name": "(empty-report)",
        "decl": {
          "start": { "line": 1, "column": 202 },
          "end": { "line": 10, "column": -147 }
        },
        "loc": {
          "start": { "line": 1, "column": 202 },
          "end": { "line": 10, "column": -147 }
        },
        "line": 1
      }
    },
    "f": { "0": 0 }
  }
}
